<?xml version="1.0" encoding="UTF-8"?>
<!-- Generated by org.testng.reporters.JUnitXMLReporter -->
<testsuite ignored="0" hostname="DESKTOP-30IQV49" failures="0" tests="7" name="Personal Loan" time="0.303" errors="0" timestamp="2022-07-21T22:37:56 GMT-07:00">
  <testcase classname="TestNgPractise.Day1" name="Demo" time="0.039"/>
  <testcase classname="TestNgPractise.Day1" name="SecondClass" time="0.009"/>
  <testcase classname="TestNgPractise.Day2" name="Practical" time="0.005"/>
  <testcase classname="TestNgPractise.Day3" name="login" time="0.004"/>
  <testcase classname="TestNgPractise.Day3" name="logout" time="0.004"/>
  <testcase classname="TestNgPractise.Day4" name="Appium" time="0.008"/>
  <testcase classname="TestNgPractise.Day4" name="Selenium" time="0.021"/>
</testsuite> <!-- Personal Loan -->
