<?xml version="1.0" encoding="UTF-8"?>
<!-- Generated by org.testng.reporters.JUnitXMLReporter -->
<testsuite ignored="3" hostname="DESKTOP-30IQV49" failures="0" tests="4" name="SomeMethods" time="0.186" errors="0" timestamp="2022-07-21T21:30:15 GMT-07:00">
  <testcase classname="TestNgPractise.Day1" name="Demo" time="0.029"/>
  <testcase classname="TestNgPractise.Day2" name="Practical" time="0.004"/>
  <testcase classname="TestNgPractise.Day3" name="logout" time="0.008"/>
  <testcase classname="TestNgPractise.Day4" name="Appium" time="0.006"/>
  <testcase classname="TestNgPractise.Day4" name="Selenium" time="0.0">
    <ignored/>
  </testcase> <!-- Selenium -->
  <testcase classname="TestNgPractise.Day1" name="SecondClass" time="0.0">
    <ignored/>
  </testcase> <!-- SecondClass -->
  <testcase classname="TestNgPractise.Day3" name="login" time="0.0">
    <ignored/>
  </testcase> <!-- login -->
</testsuite> <!-- SomeMethods -->
