<?xml version="1.0" encoding="UTF-8"?>
<!-- Generated by org.testng.reporters.JUnitXMLReporter -->
<testsuite ignored="0" hostname="DESKTOP-30IQV49" failures="0" tests="7" name="Personal Loan" time="0.279" errors="0" timestamp="2022-07-21T23:53:44 GMT-07:00">
  <testcase classname="TestNgPractise.Day1" name="Demo" time="0.019"/>
  <testcase classname="TestNgPractise.Day1" name="SecondClass" time="0.006"/>
  <testcase classname="TestNgPractise.Day2" name="Practical" time="0.001"/>
  <testcase classname="TestNgPractise.Day3" name="login" time="0.002"/>
  <testcase classname="TestNgPractise.Day3" name="logout" time="0.005"/>
  <testcase classname="TestNgPractise.Day4" name="Appium" time="0.002"/>
  <testcase classname="TestNgPractise.Day4" name="Selenium" time="0.005"/>
</testsuite> <!-- Personal Loan -->
